This is pdfTeX, Version 3.141592653-2.6-1.40.22 (TeX Live 2021) (preloaded format=pdflatex 2023.11.27)  22 JAN 2025 14:37
entering extended mode
 restricted \write18 enabled.
 %&-line parsing enabled.
**talk-ss2.tex
(./talk-ss2.tex
LaTeX2e <2020-10-01> patch level 4
L3 programming layer <2021-02-18>
(/usr/local/texlive/2021/texmf-dist/tex/latex/base/slides.cls
Document Class: slides 2020/02/20 v2.4b Standard LaTeX document class
(/usr/local/texlive/2021/texmf-dist/tex/latex/base/slides.def
File: slides.def 2020/02/20 v2.4b SLiTeX definitions
 hacks, slides,
\c@page=\count179

picture, mods,
\@smashboxa=\box47
\@smashboxb=\box48
\@smashboxc=\box49
 output, init)
(/usr/local/texlive/2021/texmf-dist/tex/latex/base/sfonts.def
File: sfonts.def 2019/07/09 v2.2f Standard LaTeX slide font definitions

(/usr/local/texlive/2021/texmf-dist/tex/latex/base/ot1lcmss.fd
File: ot1lcmss.fd 2019/07/09 v2.2f Standard LaTeX slide font definitions
))
\c@minutes=\count180
\c@seconds=\count181
\c@mv@invisible=\count182
LaTeX Font Info:    Overwriting symbol font `operators' in version `normal'
(Font)                  OT1/cmr/m/n --> OT1/lcmss/m/n on input line 360.
LaTeX Font Info:    Overwriting symbol font `letters' in version `normal'
(Font)                  OML/cmm/m/it --> OML/lcmm/m/it on input line 363.
LaTeX Font Info:    Overwriting symbol font `symbols' in version `normal'
(Font)                  OMS/cmsy/m/n --> OMS/lcmsy/m/n on input line 365.
LaTeX Font Info:    Overwriting symbol font `largesymbols' in version `normal'
(Font)                  OMX/cmex/m/n --> OMX/lcmex/m/n on input line 367.
LaTeX Font Info:    Overwriting symbol font `operators' in version `invisible'
(Font)                  OT1/cmr/m/n --> OT1/lcmss/m/In on input line 370.
LaTeX Font Info:    Overwriting symbol font `letters' in version `invisible'
(Font)                  OML/cmm/m/it --> OML/lcmm/m/Iit on input line 372.
LaTeX Font Info:    Overwriting symbol font `symbols' in version `invisible'
(Font)                  OMS/cmsy/m/n --> OMS/lcmsy/m/In on input line 374.
LaTeX Font Info:    Overwriting symbol font `largesymbols' in version `invisibl
e'
(Font)                  OMX/cmex/m/n --> OMX/lcmex/m/In on input line 376.
)
(/usr/local/texlive/2021/texmf-dist/tex/latex/geometry/geometry.sty
Package: geometry 2020/01/02 v5.9 Page Geometry

(/usr/local/texlive/2021/texmf-dist/tex/latex/graphics/keyval.sty
Package: keyval 2014/10/28 v1.15 key=value parser (DPC)
\KV@toks@=\toks15
)
(/usr/local/texlive/2021/texmf-dist/tex/generic/iftex/ifvtex.sty
Package: ifvtex 2019/10/25 v1.7 ifvtex legacy package. Use iftex instead.

(/usr/local/texlive/2021/texmf-dist/tex/generic/iftex/iftex.sty
Package: iftex 2020/03/06 v1.0d TeX engine tests
))
\Gm@cnth=\count183
\Gm@cntv=\count184
\c@Gm@tempcnt=\count185
\Gm@bindingoffset=\dimen138
\Gm@wd@mp=\dimen139
\Gm@odd@mp=\dimen140
\Gm@even@mp=\dimen141
\Gm@layoutwidth=\dimen142
\Gm@layoutheight=\dimen143
\Gm@layouthoffset=\dimen144
\Gm@layoutvoffset=\dimen145
\Gm@dimlist=\toks16
)
(/usr/local/texlive/2021/texmf-dist/tex/latex/graphics/graphicx.sty
Package: graphicx 2020/09/09 v1.2b Enhanced LaTeX Graphics (DPC,SPQR)

(/usr/local/texlive/2021/texmf-dist/tex/latex/graphics/graphics.sty
Package: graphics 2020/08/30 v1.4c Standard LaTeX Graphics (DPC,SPQR)

(/usr/local/texlive/2021/texmf-dist/tex/latex/graphics/trig.sty
Package: trig 2016/01/03 v1.10 sin cos tan (DPC)
)
(/usr/local/texlive/2021/texmf-dist/tex/latex/graphics-cfg/graphics.cfg
File: graphics.cfg 2016/06/04 v1.11 sample graphics configuration
)
Package graphics Info: Driver file: pdftex.def on input line 105.

(/usr/local/texlive/2021/texmf-dist/tex/latex/graphics-def/pdftex.def
File: pdftex.def 2020/10/05 v1.2a Graphics/color driver for pdftex
))
\Gin@req@height=\dimen146
\Gin@req@width=\dimen147
)
(/usr/local/texlive/2021/texmf-dist/tex/latex/graphics/color.sty
Package: color 2020/02/24 v1.2b Standard LaTeX Color (DPC)

(/usr/local/texlive/2021/texmf-dist/tex/latex/graphics-cfg/color.cfg
File: color.cfg 2016/01/02 v1.6 sample color configuration
)
Package color Info: Driver file: pdftex.def on input line 147.
)
(/usr/local/texlive/2021/texmf-dist/tex/latex/tools/verbatim.sty
Package: verbatim 2020-07-07 v1.5u LaTeX2e package for verbatim enhancements
\every@verbatim=\toks17
\verbatim@line=\toks18
\verbatim@in@stream=\read2
)
(/usr/local/texlive/2021/texmf-dist/tex/latex/nopageno/nopageno.sty
Package: nopageno 1989/01/01 no page numbers (DPC)
)
(/usr/local/texlive/2021/texmf-dist/tex/latex/setspace/setspace.sty
Package: setspace 2011/12/19 v6.7a set line spacing
)
(/usr/local/texlive/2021/texmf-dist/tex/latex/l3backend/l3backend-pdftex.def
File: l3backend-pdftex.def 2021-03-18 L3 backend support: PDF output (pdfTeX)
\l__color_backend_stack_int=\count186
\l__pdf_internal_box=\box50
)
(./talk-ss2.aux)
\openout1 = `talk-ss2.aux'.

LaTeX Font Info:    Checking defaults for OML/cmm/m/it on input line 21.
LaTeX Font Info:    ... okay on input line 21.
LaTeX Font Info:    Checking defaults for OMS/cmsy/m/n on input line 21.
LaTeX Font Info:    ... okay on input line 21.
LaTeX Font Info:    Checking defaults for OT1/lcmss/m/n on input line 21.
LaTeX Font Info:    ... okay on input line 21.
LaTeX Font Info:    Checking defaults for T1/cmr/m/n on input line 21.
LaTeX Font Info:    ... okay on input line 21.
LaTeX Font Info:    Checking defaults for TS1/cmr/m/n on input line 21.
LaTeX Font Info:    ... okay on input line 21.
LaTeX Font Info:    Checking defaults for OMX/cmex/m/n on input line 21.
LaTeX Font Info:    ... okay on input line 21.
LaTeX Font Info:    Checking defaults for U/cmr/m/n on input line 21.
LaTeX Font Info:    ... okay on input line 21.

*geometry* driver: auto-detecting
*geometry* detected driver: pdftex
*geometry* verbose mode - [ preamble ] result:
* driver: pdftex
* paper: <default>
* layout: <same size as paper>
* layoutoffset:(h,v)=(0.0pt,0.0pt)
* modes: landscape 
* h-part:(L,W,R)=(5.69046pt, 783.58907pt, 5.69046pt)
* v-part:(T,H,B)=(5.69046pt, 602.91408pt, 5.69046pt)
* \paperwidth=794.96999pt
* \paperheight=614.295pt
* \textwidth=783.58907pt
* \textheight=602.91408pt
* \oddsidemargin=-66.57953pt
* \evensidemargin=-66.57953pt
* \topmargin=-66.57953pt
* \headheight=0.0pt
* \headsep=0.0pt
* \topskip=30.0pt
* \footskip=0.0pt
* \marginparwidth=58.0312pt
* \marginparsep=5.0pt
* \columnsep=10.0pt
* \skip\footins=10.0pt plus 2.0pt minus 4.0pt
* \hoffset=0.0pt
* \voffset=0.0pt
* \mag=1000
* \@twocolumnfalse
* \@twosidefalse
* \@mparswitchfalse
* \@reversemarginfalse
* (1in=72.27pt=25.4mm, 1cm=28.453pt)

(/usr/local/texlive/2021/texmf-dist/tex/context/base/mkii/supp-pdf.mkii
[Loading MPS to PDF converter (version 2006.09.02).]
\scratchcounter=\count187
\scratchdimen=\dimen148
\scratchbox=\box51
\nofMPsegments=\count188
\nofMParguments=\count189
\everyMPshowfont=\toks19
\MPscratchCnt=\count190
\MPscratchDim=\dimen149
\MPnumerator=\count191
\makeMPintoPDFobject=\count192
\everyMPtoPDFconversion=\toks20
) (/usr/local/texlive/2021/texmf-dist/tex/latex/epstopdf-pkg/epstopdf-base.sty
Package: epstopdf-base 2020-01-24 v2.11 Base part for package epstopdf
Package epstopdf-base Info: Redefining graphics rule for `.eps' on input line 4
85.

(/usr/local/texlive/2021/texmf-dist/tex/latex/latexconfig/epstopdf-sys.cfg
File: epstopdf-sys.cfg 2010/07/13 v1.3 Configuration of (r)epstopdf for TeX Liv
e
))
LaTeX Font Info:    Trying to load font information for OML+lcmm on input line 
43.

(/usr/local/texlive/2021/texmf-dist/tex/latex/base/omllcmm.fd
File: omllcmm.fd 2019/07/09 v2.2f Standard LaTeX slide font definitions
)
LaTeX Font Info:    Trying to load font information for OMS+lcmsy on input line
 43.

(/usr/local/texlive/2021/texmf-dist/tex/latex/base/omslcmsy.fd
File: omslcmsy.fd 2019/07/09 v2.2f Standard LaTeX slide font definitions
)
LaTeX Font Info:    Trying to load font information for OMX+lcmex on input line
 43.

(/usr/local/texlive/2021/texmf-dist/tex/latex/base/omxlcmex.fd
File: omxlcmex.fd 2019/07/09 v2.2f Standard LaTeX slide font definitions
)
LaTeX Font Info:    External font `cmex10 at17.28pt' loaded for size
(Font)              <16.59> on input line 43.
LaTeX Font Info:    External font `cmex10 at17.28pt' loaded for size
(Font)              <12> on input line 43.
LaTeX Font Info:    External font `cmex10 at17.28pt' loaded for size
(Font)              <7> on input line 43.
<figs/NIH_NLM_ABRV_2C_4-white.png, id=1, 151.767pt x 52.998pt>
File: figs/NIH_NLM_ABRV_2C_4-white.png Graphic file (type png)
<use figs/NIH_NLM_ABRV_2C_4-white.png>
Package pdftex.def Info: figs/NIH_NLM_ABRV_2C_4-white.png  used on input line 5
6.
(pdftex.def)             Requested size: 180.67499pt x 63.09265pt.
<figs/nlm-buildings.png, id=3, 151.3153pt x 58.71938pt>
File: figs/nlm-buildings.png Graphic file (type png)
<use figs/nlm-buildings.png>
Package pdftex.def Info: figs/nlm-buildings.png  used on input line 57.
(pdftex.def)             Requested size: 180.67499pt x 70.11343pt.
 [1

{/usr/local/texlive/2021/texmf-var/fonts/map/pdftex/updmap/pdftex.map} <./figs/
NIH_NLM_ABRV_2C_4-white.png> <./figs/nlm-buildings.png>] [2]
<figs/spheres-submission-schematic-1.pdf, id=16, 399.38911pt x 312.75845pt>
File: figs/spheres-submission-schematic-1.pdf Graphic file (type pdf)
<use figs/spheres-submission-schematic-1.pdf>
Package pdftex.def Info: figs/spheres-submission-schematic-1.pdf  used on input
 line 82.
(pdftex.def)             Requested size: 650.43pt x 509.36227pt.
 [3 <./figs/spheres-submission-schematic-1.pdf>]
<figs/vadr-title-paper.png, id=56, 981.6675pt x 379.4175pt>
File: figs/vadr-title-paper.png Graphic file (type png)
<use figs/vadr-title-paper.png>
Package pdftex.def Info: figs/vadr-title-paper.png  used on input line 89.
(pdftex.def)             Requested size: 722.7pt x 279.33455pt.
LaTeX Font Info:    External font `cmex10 at17.28pt' loaded for size
(Font)              <19.907> on input line 92.
LaTeX Font Info:    External font `cmex10 at17.28pt' loaded for size
(Font)              <13.82> on input line 92.
 [4 <./figs/vadr-title-paper.png>]
<figs/spheres-submission-schematic-2.pdf, id=62, 399.38911pt x 312.75845pt>
File: figs/spheres-submission-schematic-2.pdf Graphic file (type pdf)
<use figs/spheres-submission-schematic-2.pdf>
Package pdftex.def Info: figs/spheres-submission-schematic-2.pdf  used on input
 line 107.
(pdftex.def)             Requested size: 650.43pt x 509.36227pt.
 [5 <./figs/spheres-submission-schematic-2.pdf>]
<figs/spheres-submission-schematic-4.pdf, id=102, 399.38911pt x 312.75845pt>
File: figs/spheres-submission-schematic-4.pdf Graphic file (type pdf)
<use figs/spheres-submission-schematic-4.pdf>
Package pdftex.def Info: figs/spheres-submission-schematic-4.pdf  used on input
 line 118.
(pdftex.def)             Requested size: 650.43pt x 509.36227pt.
 [6 <./figs/spheres-submission-schematic-4.pdf>] [7]
<figs/v-annotate-alignment-single-slide.pdf, id=152, 686.67337pt x 193.54608pt>

File: figs/v-annotate-alignment-single-slide.pdf Graphic file (type pdf)
<use figs/v-annotate-alignment-single-slide.pdf>
Package pdftex.def Info: figs/v-annotate-alignment-single-slide.pdf  used on in
put line 150.
(pdftex.def)             Requested size: 758.83499pt x 213.89955pt.

[8 <./figs/v-annotate-alignment-single-slide.pdf>]
File: figs/v-annotate-alignment-single-slide.pdf Graphic file (type pdf)
<use figs/v-annotate-alignment-single-slide.pdf>
Package pdftex.def Info: figs/v-annotate-alignment-single-slide.pdf  used on in
put line 159.
(pdftex.def)             Requested size: 758.83499pt x 213.89955pt.
<figs/ss-alignment-alert-list.png, id=206, 1672.2475pt x 846.16125pt>
File: figs/ss-alignment-alert-list.png Graphic file (type png)
<use figs/ss-alignment-alert-list.png>
Package pdftex.def Info: figs/ss-alignment-alert-list.png  used on input line 1
60.
(pdftex.def)             Requested size: 758.83499pt x 383.98398pt.
 [9 <./figs/ss-alignment-alert-list.png>] [10]
LaTeX Font Info:    External font `cmex10 at17.28pt' loaded for size
(Font)              <10> on input line 197.
 [11] [12]
<figs/vadr-r-option.pdf, id=220, 532.32776pt x 193.96164pt>
File: figs/vadr-r-option.pdf Graphic file (type pdf)
<use figs/vadr-r-option.pdf>
Package pdftex.def Info: figs/vadr-r-option.pdf  used on input line 262.
(pdftex.def)             Requested size: 740.76749pt x 269.91663pt.
 [13 <./figs/vadr-r-option.pdf>]

pdfTeX warning: pdflatex (file ./figs/vadr-s-option.pdf): PDF inclusion: found 
PDF version <1.6>, but at most version <1.5> allowed
<figs/vadr-s-option.pdf, id=238, 560.42375pt x 211.93279pt>
File: figs/vadr-s-option.pdf Graphic file (type pdf)
<use figs/vadr-s-option.pdf>
Package pdftex.def Info: figs/vadr-s-option.pdf  used on input line 272.
(pdftex.def)             Requested size: 740.76749pt x 280.1531pt.
[14 <./figs/vadr-s-option.pdf>]
<figs/vadr-1p2-multithreading.pdf, id=252, 486.82378pt x 236.40721pt>
File: figs/vadr-1p2-multithreading.pdf Graphic file (type pdf)
<use figs/vadr-1p2-multithreading.pdf>
Package pdftex.def Info: figs/vadr-1p2-multithreading.pdf  used on input line 2
94.
(pdftex.def)             Requested size: 758.83499pt x 368.50517pt.
 [15 <./figs/vadr-1p2-multithreading.pdf>]
[16] [17] [18] [19]
LaTeX Font Info:    Trying to load font information for OT1+lcmtt on input line
 426.

(/usr/local/texlive/2021/texmf-dist/tex/latex/base/ot1lcmtt.fd
File: ot1lcmtt.fd 2019/07/09 v2.2f Standard LaTeX slide font definitions
) [20]
<figs/vadr-sarscov2-paper.png, id=281, 704.6325pt x 240.9pt>
File: figs/vadr-sarscov2-paper.png Graphic file (type png)
<use figs/vadr-sarscov2-paper.png>
Package pdftex.def Info: figs/vadr-sarscov2-paper.png  used on input line 436.
(pdftex.def)             Requested size: 758.83499pt x 259.42926pt.
 [21 <./figs/vadr-sarscov2-paper.png>] [22] [23]
<figs/vadr-flu-paper.png, id=292, 512.91624pt x 134.5025pt>
File: figs/vadr-flu-paper.png Graphic file (type png)
<use figs/vadr-flu-paper.png>
Package pdftex.def Info: figs/vadr-flu-paper.png  used on input line 491.
(pdftex.def)             Requested size: 758.83499pt x 199.00514pt.
 [24]

Class slides Warning: Slide 24 too long on input line 494.

[24 <./figs/vadr-flu-paper.png>] [25] [26] [27] [28] (./talk-ss2.aux) ) 
Here is how much of TeX's memory you used:
 2024 strings out of 478994
 33738 string characters out of 5858183
 331401 words of memory out of 5000000
 19494 multiletter control sequences out of 15000+600000
 410879 words of font info for 52 fonts, out of 8000000 for 9000
 1141 hyphenation exceptions out of 8191
 68i,7n,74p,230b,273s stack positions out of 5000i,500n,10000p,200000b,80000s
</usr/lo
cal/texlive/2021/texmf-dist/fonts/type1/public/amsfonts/cm/cmmi8.pfb></usr/loca
l/texlive/2021/texmf-dist/fonts/type1/public/amsfonts/cm/cmsy8.pfb></usr/local/
texlive/2021/texmf-dist/fonts/type1/public/amsfonts/cm/cmtt8.pfb></usr/local/te
xlive/2021/texmf-dist/fonts/type1/public/amsfonts/latxfont/lcmss8.pfb></usr/loc
al/texlive/2021/texmf-dist/fonts/type1/public/amsfonts/latxfont/lcmssb8.pfb></u
sr/local/texlive/2021/texmf-dist/fonts/type1/public/amsfonts/latxfont/lcmssi8.p
fb>
Output written on talk-ss2.pdf (29 pages, 909212 bytes).
PDF statistics:
 335 PDF objects out of 1000 (max. 8388607)
 228 compressed objects within 3 object streams
 0 named destinations out of 1000 (max. 500000)
 66 words of extra memory for PDF output out of 10000 (max. 10000000)

